TN:
SF:src/index.js
FN:30,(anonymous_0)
FN:33,(anonymous_1)
FNF:2
FNH:2
FNDA:1,(anonymous_0)
FNDA:1,(anonymous_1)
DA:1,1
DA:2,1
DA:4,1
DA:6,1
DA:8,1
DA:10,1
DA:12,1
DA:14,1
DA:20,1
DA:28,1
DA:30,1
DA:32,1
DA:33,1
DA:34,1
DA:38,1
LF:15
LH:15
BRF:0
BRH:0
end_of_record
TN:
SF:src/connections/index.js
FNF:0
FNH:0
DA:1,1
DA:3,1
DA:8,1
LF:3
LH:3
BRF:0
BRH:0
end_of_record
TN:
SF:src/graphql/mutations.js
FN:11,(anonymous_0)
FN:33,(anonymous_1)
FN:52,(anonymous_2)
FN:63,(anonymous_3)
FNF:4
FNH:4
FNDA:1,(anonymous_0)
FNDA:1,(anonymous_1)
FNDA:1,(anonymous_2)
FNDA:1,(anonymous_3)
DA:1,1
DA:3,1
DA:4,1
DA:6,1
DA:8,1
DA:11,1
DA:33,1
DA:52,1
DA:63,1
DA:68,1
LF:10
LH:10
BRF:0
BRH:0
end_of_record
TN:
SF:src/graphql/query.js
FN:10,(anonymous_0)
FNF:1
FNH:1
FNDA:1,(anonymous_0)
DA:1,1
DA:3,1
DA:5,1
DA:7,1
DA:10,1
DA:19,1
LF:6
LH:6
BRF:0
BRH:0
end_of_record
TN:
SF:src/graphql/schema.js
FNF:0
FNH:0
DA:1,1
DA:3,1
DA:4,1
DA:6,1
DA:11,1
LF:5
LH:5
BRF:0
BRH:0
end_of_record
TN:
SF:src/graphql/type.js
FN:7,(anonymous_0)
FN:29,(anonymous_1)
FNF:2
FNH:1
FNDA:1,(anonymous_0)
FNDA:0,(anonymous_1)
DA:1,1
DA:3,1
DA:7,1
DA:26,1
DA:29,0
DA:37,1
LF:6
LH:5
BRF:0
BRH:0
end_of_record
TN:
SF:src/model/property.schema.js
FNF:0
FNH:0
DA:1,6
DA:3,6
DA:9,6
DA:11,6
LF:4
LH:4
BRF:0
BRH:0
end_of_record
TN:
SF:src/services/addhome-service.js
FN:3,(anonymous_0)
FNF:1
FNH:1
FNDA:4,(anonymous_0)
DA:1,6
DA:3,6
DA:4,4
DA:9,4
DA:10,4
DA:11,4
DA:13,0
DA:17,6
LF:8
LH:7
BRF:0
BRH:0
end_of_record
TN:
SF:src/services/deletehome-service.js
FN:3,(anonymous_0)
FNF:1
FNH:1
FNDA:5,(anonymous_0)
DA:1,6
DA:3,6
DA:4,5
DA:5,5
DA:6,5
DA:7,5
DA:9,0
DA:13,6
LF:8
LH:7
BRDA:6,0,0,0
BRDA:6,0,1,5
BRF:2
BRH:1
end_of_record
TN:
SF:src/services/gethome-service.js
FN:3,(anonymous_0)
FNF:1
FNH:1
FNDA:4,(anonymous_0)
DA:1,6
DA:3,6
DA:4,4
DA:5,4
DA:6,3
DA:8,1
DA:12,6
LF:7
LH:7
BRF:0
BRH:0
end_of_record
TN:
SF:src/services/index.js
FNF:0
FNH:0
DA:1,6
DA:2,6
DA:3,6
DA:4,6
DA:6,6
LF:5
LH:5
BRF:0
BRH:0
end_of_record
TN:
SF:src/services/updatehome-service.js
FN:3,(anonymous_0)
FNF:1
FNH:1
FNDA:4,(anonymous_0)
DA:1,6
DA:3,6
DA:4,4
DA:5,4
DA:14,3
DA:16,1
DA:20,6
LF:7
LH:7
BRF:0
BRH:0
end_of_record
TN:
SF:src/tests/integration-tests/db/setup/connection.js
FNF:0
FNH:0
DA:1,1
DA:3,1
DA:8,1
LF:3
LH:3
BRF:0
BRH:0
end_of_record
